<?xml version="1.0" encoding="UTF-8"?>
<!-- Generated by org.testng.reporters.JUnitReportReporter -->
<testsuite hostname="DESKTOP-A0VOTMT" failures="0" tests="1" name="tests.GetTest" time="3.595" errors="0" timestamp="2024-06-14T19:10:38 IST" skipped="0">
  <testcase classname="tests.GetTest" name="validateM" time="3.595"/>
  <system-out/>
</testsuite> <!-- tests.GetTest -->
